<?xml version="1.0" encoding="UTF-8"?>
<testsuite name="FailingTest" tests="7" skipped="0" failures="0" errors="0" timestamp="2022-05-09T08:01:38" hostname="DESKTOP-KN48VF7" time="0.026">
  <properties/>
  <testcase name="verificarBridgewoodFunfando" classname="FailingTest" time="0.01"/>
  <testcase name="test1" classname="FailingTest" time="0.011"/>
  <testcase name="test2" classname="FailingTest" time="0.001"/>
  <testcase name="test3" classname="FailingTest" time="0.001"/>
  <testcase name="verificarRidgewoodFunfando" classname="FailingTest" time="0.0"/>
  <testcase name="verificarSeEstaTirandoOsEspacosECortandoAsSubString" classname="FailingTest" time="0.0"/>
  <testcase name="verificarLakewoodFunfando" classname="FailingTest" time="0.0"/>
  <system-out><![CDATA[Lakewood
Bridgewood
Ridgewood
]]></system-out>
  <system-err><![CDATA[]]></system-err>
</testsuite>
